{
  message: 'database is connected!!',
  level: 'info',
  label: 'right meow!',
  timestamp: '2023-06-08T03:37:40.903Z'
}
{
  message: 'server is running',
  level: 'info',
  label: 'right meow!',
  timestamp: '2023-06-08T03:37:40.911Z'
}
{
  message: 'database is connected!!',
  level: 'info',
  label: 'right meow!',
  timestamp: '2023-06-08T03:44:10.163Z'
}
{
  message: 'server is running',
  level: 'info',
  label: 'right meow!',
  timestamp: '2023-06-08T03:44:10.178Z'
}
Thu Jun 08 2023 9: 44: 14  [right meow!] info : info: database is connected!!
Thu Jun 08 2023 9: 44: 14  [right meow!] info : info: server is running
Thu Jun 08 2023 9: 44: 50  [right meow!] info : info: database is connected!!
Thu Jun 08 2023 9: 44: 50  [right meow!] info : info: server is running
Thu Jun 08 2023 9: 46: 25  [UMS] info : info: database is connected!!
Thu Jun 08 2023 9: 46: 25  [UMS] info : info: server is running
